<?xml version="1.0" encoding="UTF-8"?>
<!-- Generated by org.testng.reporters.JUnitReportReporter -->
<testsuite skipped="0" hostname="INBL01LAP20091" name="Bank.Tc_001Test" tests="1" failures="0" timestamp="2022-07-20T15:23:56 IST" time="5.330" errors="0">
  <testcase name="Bank" time="5.330" classname="Bank.Tc_001Test"/>
  <system-out/>
</testsuite> <!-- Bank.Tc_001Test -->
